<?xml version="1.0" encoding="UTF-8"?>
<!-- Generated by org.testng.reporters.JUnitReportReporter -->
<testsuite hostname="LM-MAA-00668751" name="Example2" tests="1" failures="0" timestamp="16 Dec 2014 05:16:32 GMT" time="66.361" errors="0">
  <testcase name="openBrowser2" time="66.361" classname="Example2"/>
</testsuite> <!-- Example2 -->
