<?xml version="1.0" encoding="UTF-8"?>
<!-- Generated by org.testng.reporters.JUnitReportReporter -->
<testsuite hostname="LM-MAA-00668751" name="seleniumTraining.Example2" tests="1" failures="0" timestamp="18 Dec 2014 05:18:42 GMT" time="51.114" errors="0">
  <testcase name="openBrowser2" time="51.114" classname="seleniumTraining.Example2"/>
</testsuite> <!-- seleniumTraining.Example2 -->
