<?xml version="1.0" encoding="UTF-8"?>
<!-- Generated by org.testng.reporters.JUnitReportReporter -->
<testsuite hostname="LM-MAA-00668751" name="seleniumTraining.AutoCompleteTextBoxSeleciton" tests="1" failures="0" timestamp="17 Sep 2015 09:09:49 GMT" time="19.215" errors="0">
  <testcase name="auto" time="19.215" classname="seleniumTraining.AutoCompleteTextBoxSeleciton"/>
</testsuite> <!-- seleniumTraining.AutoCompleteTextBoxSeleciton -->
