<?xml version="1.0" encoding="UTF-8"?>
<!-- Generated by org.testng.reporters.JUnitReportReporter -->
<testsuite hostname="LM-MAA-00668751" name="LakshmiTraining.AutoComplete" tests="1" failures="0" timestamp="8 Mar 2016 10:08:01 GMT" time="12.508" errors="0">
  <testcase name="open" time="12.508" classname="LakshmiTraining.AutoComplete"/>
</testsuite> <!-- LakshmiTraining.AutoComplete -->
