<?xml version="1.0" encoding="UTF-8"?>
<!-- Generated by org.testng.reporters.JUnitReportReporter -->
<testsuite hostname="LM-MAA-00668751" name="seleniumTraining.TestPriority" tests="3" failures="0" timestamp="6 Apr 2016 05:28:16 GMT" time="0.010" errors="0">
  <testcase name="test1" time="0.001" classname="seleniumTraining.TestPriority"/>
  <testcase name="test2" time="0.009" classname="seleniumTraining.TestPriority"/>
  <testcase name="test3" time="0.000" classname="seleniumTraining.TestPriority"/>
</testsuite> <!-- seleniumTraining.TestPriority -->
