<?xml version="1.0" encoding="UTF-8"?>
<!-- Generated by org.testng.reporters.JUnitReportReporter -->
<testsuite hostname="LM-MAA-00668751" name="seleniumTraining.DataProviderExample" tests="3" failures="0" timestamp="16 Dec 2014 08:07:24 GMT" time="0.008" errors="0">
  <testcase name="testRegister" time="0.000" classname="seleniumTraining.DataProviderExample"/>
  <testcase name="testRegister" time="0.008" classname="seleniumTraining.DataProviderExample"/>
  <testcase name="testRegister" time="0.000" classname="seleniumTraining.DataProviderExample"/>
</testsuite> <!-- seleniumTraining.DataProviderExample -->
