<?xml version="1.0" encoding="UTF-8"?>
<!-- Generated by org.testng.reporters.JUnitReportReporter -->
<testsuite hostname="LM-MAA-00668751" name="seleniumTraining.ClickAllLinks" tests="1" failures="0" timestamp="6 Apr 2016 05:25:32 GMT" time="64.858" errors="0">
  <testcase name="clickAllLInks" time="64.858" classname="seleniumTraining.ClickAllLinks"/>
</testsuite> <!-- seleniumTraining.ClickAllLinks -->
