<?xml version="1.0" encoding="UTF-8"?>
<!-- Generated by org.testng.reporters.JUnitReportReporter -->
<testsuite hostname="LM-MAA-00668751" name="seleniumTraining.TestNgMethodExample" tests="2" failures="0" timestamp="19 Feb 2016 07:10:10 GMT" time="0.010" errors="0">
  <testcase name="ReceiveEmail" time="0.009" classname="seleniumTraining.TestNgMethodExample"/>
  <testcase name="sendEmail" time="0.001" classname="seleniumTraining.TestNgMethodExample"/>
</testsuite> <!-- seleniumTraining.TestNgMethodExample -->
