<?xml version="1.0" encoding="UTF-8"?>
<!-- Generated by org.testng.reporters.JUnitReportReporter -->
<testsuite hostname="LM-MAA-00668751" name="TestNgMethodExample" tests="2" failures="0" timestamp="16 Dec 2014 06:25:32 GMT" time="0.006" errors="0">
  <testcase name="sendEmail" time="0.000" classname="TestNgMethodExample"/>
  <testcase name="ReceiveEmail" time="0.006" classname="TestNgMethodExample"/>
</testsuite> <!-- TestNgMethodExample -->
