<?xml version="1.0" encoding="UTF-8"?>
<!-- Generated by org.testng.reporters.JUnitReportReporter -->
<testsuite hostname="LM-MAA-00668751" name="seleniumTraining.YahooTest" tests="1" failures="0" timestamp="16 Dec 2014 08:30:40 GMT" time="0.005" errors="0">
  <testcase name="test" time="0.005" classname="seleniumTraining.YahooTest"/>
</testsuite> <!-- seleniumTraining.YahooTest -->
