<?xml version="1.0" encoding="UTF-8"?>
<!-- Generated by org.testng.reporters.JUnitReportReporter -->
<testsuite hostname="LM-MAA-00668751" name="seleniumTraining.DataProviderWithMethodParam" tests="6" failures="0" timestamp="2 Sep 2015 07:00:54 GMT" time="18.671" errors="0">
  <testcase name="testMethodB" time="3.087" classname="seleniumTraining.DataProviderWithMethodParam"/>
  <testcase name="testMethodA" time="3.322" classname="seleniumTraining.DataProviderWithMethodParam"/>
  <testcase name="testMethodA" time="3.070" classname="seleniumTraining.DataProviderWithMethodParam"/>
  <testcase name="testMethodA" time="3.062" classname="seleniumTraining.DataProviderWithMethodParam"/>
  <testcase name="testMethodB" time="3.066" classname="seleniumTraining.DataProviderWithMethodParam"/>
  <testcase name="testMethodB" time="3.064" classname="seleniumTraining.DataProviderWithMethodParam"/>
</testsuite> <!-- seleniumTraining.DataProviderWithMethodParam -->
