<?xml version="1.0" encoding="UTF-8"?>
<!-- Generated by org.testng.reporters.JUnitReportReporter -->
<testsuite hostname="LM-MAA-00668751" name="LakshmiTraining.iFrameCount" tests="1" failures="0" timestamp="11 Mar 2016 14:14:30 GMT" time="22.293" errors="0">
  <testcase name="countFrames" time="22.293" classname="LakshmiTraining.iFrameCount"/>
</testsuite> <!-- LakshmiTraining.iFrameCount -->
